<?xml version="1.0" encoding="UTF-8"?>
<testsuite name="com.inventory.InventoryAppApplicationTests" time="0" tests="1" errors="0" skipped="1" failures="0">
  <properties>
    <property name="java.runtime.name" value="Java(TM) SE Runtime Environment"/>
    <property name="sun.boot.library.path" value="c:\Program Files\Java\jdk1.8.0_77\jre\bin"/>
    <property name="java.vm.version" value="25.77-b03"/>
    <property name="java.vm.vendor" value="Oracle Corporation"/>
    <property name="java.vendor.url" value="http://java.oracle.com/"/>
    <property name="path.separator" value=";"/>
    <property name="guice.disable.misplaced.annotation.check" value="true"/>
    <property name="java.vm.name" value="Java HotSpot(TM) 64-Bit Server VM"/>
    <property name="file.encoding.pkg" value="sun.io"/>
    <property name="user.script" value=""/>
    <property name="user.country" value="US"/>
    <property name="sun.java.launcher" value="SUN_STANDARD"/>
    <property name="sun.os.patch.level" value="Service Pack 1"/>
    <property name="java.vm.specification.name" value="Java Virtual Machine Specification"/>
    <property name="user.dir" value="d:\Private\spring_tutorial\inventory_app"/>
    <property name="java.runtime.version" value="1.8.0_77-b03"/>
    <property name="java.awt.graphicsenv" value="sun.awt.Win32GraphicsEnvironment"/>
    <property name="java.endorsed.dirs" value="c:\Program Files\Java\jdk1.8.0_77\jre\lib\endorsed"/>
    <property name="os.arch" value="amd64"/>
    <property name="java.io.tmpdir" value="C:\Users\EKOJMA~1.GDN\AppData\Local\Temp\"/>
    <property name="line.separator" value="&#10;"/>
    <property name="java.vm.specification.vendor" value="Oracle Corporation"/>
    <property name="user.variant" value=""/>
    <property name="os.name" value="Windows 7"/>
    <property name="classworlds.conf" value="c:/appserver/apache-maven-3.2.5/bin/m2.conf"/>
    <property name="sun.jnu.encoding" value="Cp1252"/>
    <property name="java.library.path" value="c:\Program Files\Java\jdk1.8.0_77\bin;C:\Windows\Sun\Java\bin;C:\Windows\system32;C:\Windows;c:\Users\eko.j.manurung.GDN\bin;.;C:\Program Files (x86)\Git\local\bin;C:\Program Files (x86)\Git\mingw\bin;C:\Program Files (x86)\Git\bin;c:\Program Files\Java\jdk1.8.0_77\bin;c:\ProgramData\Oracle\Java\javapath;c:\Program Files (x86)\Intel\iCLS Client\;c:\Program Files\Intel\iCLS Client\;c:\Windows\system32;c:\Windows;c:\Windows\System32\Wbem;c:\Windows\System32\WindowsPowerShell\v1.0\;c:\appserver\apache-maven-3.2.5\bin;c:\PROGRA~1\IBM\SQLLIB\BIN;c:\PROGRA~1\IBM\SQLLIB\FUNCTION;c:\PROGRA~1\IBM\SQLLIB\SAMPLES\REPL\;c:\Program Files\MongoDB\Server\3.0\bin\;c:\Program Files\PostgreSQL\9.4\bin\;c:\Program Files (x86)\RabbitMQ Server\rabbitmq_server-3.4.4\ebin\;c:\Program Files (x86)\RabbitMQ Server\rabbitmq_server-3.4.4\sbin\;c:\Program Files\Intel\WiFi\bin\;c:\Program Files\Common Files\Intel\WirelessCommon\;c:\Program Files (x86)\Skype\Phone\;c:\appserver\typesafe-activator-1.3.9\activator-dist-1.3.9\bin;c:\appserver\scala-2.11.7\bin;c:\Program Files\nodejs\;c:\appserver\zookeeper-3.4.8\bin;c:\Users\eko.j.manurung.GDN\AppData\Local\atom\bin;."/>
    <property name="java.specification.name" value="Java Platform API Specification"/>
    <property name="java.class.version" value="52.0"/>
    <property name="sun.management.compiler" value="HotSpot 64-Bit Tiered Compilers"/>
    <property name="os.version" value="6.1"/>
    <property name="user.home" value="C:\Users\eko.j.manurung.GDN"/>
    <property name="user.timezone" value="Asia/Bangkok"/>
    <property name="java.awt.printerjob" value="sun.awt.windows.WPrinterJob"/>
    <property name="java.specification.version" value="1.8"/>
    <property name="file.encoding" value="Cp1252"/>
    <property name="user.name" value="eko.j.manurung"/>
    <property name="java.class.path" value="c:/appserver/apache-maven-3.2.5/boot/plexus-classworlds-2.5.2.jar"/>
    <property name="java.vm.specification.version" value="1.8"/>
    <property name="sun.arch.data.model" value="64"/>
    <property name="java.home" value="c:\Program Files\Java\jdk1.8.0_77\jre"/>
    <property name="sun.java.command" value="org.codehaus.plexus.classworlds.launcher.Launcher clean install -U"/>
    <property name="java.specification.vendor" value="Oracle Corporation"/>
    <property name="user.language" value="en"/>
    <property name="awt.toolkit" value="sun.awt.windows.WToolkit"/>
    <property name="java.vm.info" value="mixed mode"/>
    <property name="java.version" value="1.8.0_77"/>
    <property name="java.ext.dirs" value="c:\Program Files\Java\jdk1.8.0_77\jre\lib\ext;C:\Windows\Sun\Java\lib\ext"/>
    <property name="sun.boot.class.path" value="c:\Program Files\Java\jdk1.8.0_77\jre\lib\resources.jar;c:\Program Files\Java\jdk1.8.0_77\jre\lib\rt.jar;c:\Program Files\Java\jdk1.8.0_77\jre\lib\sunrsasign.jar;c:\Program Files\Java\jdk1.8.0_77\jre\lib\jsse.jar;c:\Program Files\Java\jdk1.8.0_77\jre\lib\jce.jar;c:\Program Files\Java\jdk1.8.0_77\jre\lib\charsets.jar;c:\Program Files\Java\jdk1.8.0_77\jre\lib\jfr.jar;c:\Program Files\Java\jdk1.8.0_77\jre\classes"/>
    <property name="sun.stderr.encoding" value="cp437"/>
    <property name="java.vendor" value="Oracle Corporation"/>
    <property name="maven.home" value="c:\appserver\apache-maven-3.2.5"/>
    <property name="file.separator" value="\"/>
    <property name="java.vendor.url.bug" value="http://bugreport.sun.com/bugreport/"/>
    <property name="sun.cpu.endian" value="little"/>
    <property name="sun.io.unicode.encoding" value="UnicodeLittle"/>
    <property name="sun.stdout.encoding" value="cp437"/>
    <property name="sun.desktop" value="windows"/>
    <property name="sun.cpu.isalist" value="amd64"/>
  </properties>
  <testcase name="contextLoads" classname="com.inventory.InventoryAppApplicationTests" time="0">
    <skipped/>
    <system-out><![CDATA[16:22:33.228 [main] DEBUG org.springframework.test.context.junit4.SpringJUnit4ClassRunner - SpringJUnit4ClassRunner constructor called with [class com.inventory.InventoryAppApplicationTests]
16:22:33.237 [main] DEBUG org.springframework.test.context.BootstrapUtils - Instantiating CacheAwareContextLoaderDelegate from class [org.springframework.test.context.cache.DefaultCacheAwareContextLoaderDelegate]
16:22:33.245 [main] DEBUG org.springframework.test.context.BootstrapUtils - Instantiating BootstrapContext using constructor [public org.springframework.test.context.support.DefaultBootstrapContext(java.lang.Class,org.springframework.test.context.CacheAwareContextLoaderDelegate)]
16:22:33.266 [main] DEBUG org.springframework.test.context.BootstrapUtils - Instantiating TestContextBootstrapper for test class [com.inventory.InventoryAppApplicationTests] from class [org.springframework.test.context.web.WebTestContextBootstrapper]
16:22:33.296 [main] DEBUG org.springframework.test.context.web.WebTestContextBootstrapper - Found explicit ContextLoader class [org.springframework.boot.test.SpringApplicationContextLoader] for context configuration attributes [ContextConfigurationAttributes@77cd7a0 declaringClass = 'com.inventory.InventoryAppApplicationTests', classes = '{class com.inventory.InventoryAppApplication}', locations = '{}', inheritLocations = true, initializers = '{}', inheritInitializers = true, name = [null], contextLoaderClass = 'org.springframework.boot.test.SpringApplicationContextLoader']
16:22:33.311 [main] DEBUG org.springframework.test.context.support.AbstractContextLoader - Did not detect default resource location for test class [com.inventory.InventoryAppApplicationTests]: class path resource [com/inventory/InventoryAppApplicationTests-context.xml] does not exist
16:22:33.312 [main] DEBUG org.springframework.test.context.support.AbstractContextLoader - Did not detect default resource location for test class [com.inventory.InventoryAppApplicationTests]: class path resource [com/inventory/InventoryAppApplicationTestsContext.groovy] does not exist
16:22:33.312 [main] INFO org.springframework.test.context.support.AbstractContextLoader - Could not detect default resource locations for test class [com.inventory.InventoryAppApplicationTests]: no resource found for suffixes {-context.xml, Context.groovy}.
16:22:33.317 [main] DEBUG org.springframework.test.context.support.ActiveProfilesUtils - Could not find an 'annotation declaring class' for annotation type [org.springframework.test.context.ActiveProfiles] and class [com.inventory.InventoryAppApplicationTests]
16:22:33.323 [main] DEBUG org.springframework.test.context.web.WebTestContextBootstrapper - @TestExecutionListeners is not present for class [com.inventory.InventoryAppApplicationTests]: using defaults.
16:22:33.334 [main] INFO org.springframework.test.context.web.WebTestContextBootstrapper - Loaded default TestExecutionListener class names from location [META-INF/spring.factories]: [org.springframework.test.context.web.ServletTestExecutionListener, org.springframework.test.context.support.DirtiesContextBeforeModesTestExecutionListener, org.springframework.test.context.support.DependencyInjectionTestExecutionListener, org.springframework.test.context.support.DirtiesContextTestExecutionListener, org.springframework.test.context.transaction.TransactionalTestExecutionListener, org.springframework.test.context.jdbc.SqlScriptsTestExecutionListener]
16:22:33.355 [main] INFO org.springframework.test.context.web.WebTestContextBootstrapper - Using TestExecutionListeners: [org.springframework.test.context.web.ServletTestExecutionListener@7c29daf3, org.springframework.test.context.support.DirtiesContextBeforeModesTestExecutionListener@9660f4e, org.springframework.test.context.support.DependencyInjectionTestExecutionListener@5a8806ef, org.springframework.test.context.support.DirtiesContextTestExecutionListener@6c49835d, org.springframework.test.context.transaction.TransactionalTestExecutionListener@5e853265, org.springframework.test.context.jdbc.SqlScriptsTestExecutionListener@67205a84]
16:22:33.358 [main] DEBUG org.springframework.test.annotation.ProfileValueUtils - Retrieved @ProfileValueSourceConfiguration [null] for test class [com.inventory.InventoryAppApplicationTests]
16:22:33.359 [main] DEBUG org.springframework.test.annotation.ProfileValueUtils - Retrieved ProfileValueSource type [class org.springframework.test.annotation.SystemProfileValueSource] for class [com.inventory.InventoryAppApplicationTests]
16:22:33.362 [main] DEBUG org.springframework.test.context.junit4.SpringJUnit4ClassRunner - SpringJUnit4ClassRunner constructor called with [class com.inventory.InventoryAppApplicationTests]
16:22:33.362 [main] DEBUG org.springframework.test.context.BootstrapUtils - Instantiating CacheAwareContextLoaderDelegate from class [org.springframework.test.context.cache.DefaultCacheAwareContextLoaderDelegate]
16:22:33.363 [main] DEBUG org.springframework.test.context.BootstrapUtils - Instantiating BootstrapContext using constructor [public org.springframework.test.context.support.DefaultBootstrapContext(java.lang.Class,org.springframework.test.context.CacheAwareContextLoaderDelegate)]
16:22:33.364 [main] DEBUG org.springframework.test.context.BootstrapUtils - Instantiating TestContextBootstrapper for test class [com.inventory.InventoryAppApplicationTests] from class [org.springframework.test.context.web.WebTestContextBootstrapper]
16:22:33.367 [main] DEBUG org.springframework.test.context.web.WebTestContextBootstrapper - Found explicit ContextLoader class [org.springframework.boot.test.SpringApplicationContextLoader] for context configuration attributes [ContextConfigurationAttributes@4e7dc304 declaringClass = 'com.inventory.InventoryAppApplicationTests', classes = '{class com.inventory.InventoryAppApplication}', locations = '{}', inheritLocations = true, initializers = '{}', inheritInitializers = true, name = [null], contextLoaderClass = 'org.springframework.boot.test.SpringApplicationContextLoader']
16:22:33.369 [main] DEBUG org.springframework.test.context.support.AbstractContextLoader - Did not detect default resource location for test class [com.inventory.InventoryAppApplicationTests]: class path resource [com/inventory/InventoryAppApplicationTests-context.xml] does not exist
16:22:33.369 [main] DEBUG org.springframework.test.context.support.AbstractContextLoader - Did not detect default resource location for test class [com.inventory.InventoryAppApplicationTests]: class path resource [com/inventory/InventoryAppApplicationTestsContext.groovy] does not exist
16:22:33.370 [main] INFO org.springframework.test.context.support.AbstractContextLoader - Could not detect default resource locations for test class [com.inventory.InventoryAppApplicationTests]: no resource found for suffixes {-context.xml, Context.groovy}.
16:22:33.370 [main] DEBUG org.springframework.test.context.support.ActiveProfilesUtils - Could not find an 'annotation declaring class' for annotation type [org.springframework.test.context.ActiveProfiles] and class [com.inventory.InventoryAppApplicationTests]
16:22:33.371 [main] DEBUG org.springframework.test.context.web.WebTestContextBootstrapper - @TestExecutionListeners is not present for class [com.inventory.InventoryAppApplicationTests]: using defaults.
16:22:33.377 [main] INFO org.springframework.test.context.web.WebTestContextBootstrapper - Loaded default TestExecutionListener class names from location [META-INF/spring.factories]: [org.springframework.test.context.web.ServletTestExecutionListener, org.springframework.test.context.support.DirtiesContextBeforeModesTestExecutionListener, org.springframework.test.context.support.DependencyInjectionTestExecutionListener, org.springframework.test.context.support.DirtiesContextTestExecutionListener, org.springframework.test.context.transaction.TransactionalTestExecutionListener, org.springframework.test.context.jdbc.SqlScriptsTestExecutionListener]
16:22:33.378 [main] INFO org.springframework.test.context.web.WebTestContextBootstrapper - Using TestExecutionListeners: [org.springframework.test.context.web.ServletTestExecutionListener@1786dec2, org.springframework.test.context.support.DirtiesContextBeforeModesTestExecutionListener@74650e52, org.springframework.test.context.support.DependencyInjectionTestExecutionListener@15d0c81b, org.springframework.test.context.support.DirtiesContextTestExecutionListener@6acdbdf5, org.springframework.test.context.transaction.TransactionalTestExecutionListener@4b1c1ea0, org.springframework.test.context.jdbc.SqlScriptsTestExecutionListener@17579e0f]
16:22:33.379 [main] DEBUG org.springframework.test.annotation.ProfileValueUtils - Retrieved @ProfileValueSourceConfiguration [null] for test class [com.inventory.InventoryAppApplicationTests]
16:22:33.379 [main] DEBUG org.springframework.test.annotation.ProfileValueUtils - Retrieved ProfileValueSource type [class org.springframework.test.annotation.SystemProfileValueSource] for class [com.inventory.InventoryAppApplicationTests]
16:22:33.381 [main] DEBUG org.springframework.test.annotation.ProfileValueUtils - Retrieved @ProfileValueSourceConfiguration [null] for test class [com.inventory.InventoryAppApplicationTests]
16:22:33.382 [main] DEBUG org.springframework.test.annotation.ProfileValueUtils - Retrieved ProfileValueSource type [class org.springframework.test.annotation.SystemProfileValueSource] for class [com.inventory.InventoryAppApplicationTests]
]]></system-out>
  </testcase>
</testsuite>